
================================================================================
2026-02-17 23:36:22 - Webhook received
Raw Data: {"gateway":"MBBank","transactionDate":"2026-02-17 23:36:00","accountNumber":"0389654785","subAccount":null,"code":null,"content":"118652866121-DH1-CHUYEN TIEN-OQCH0007P2fv-MOMO118652866121MOMO","transferType":"in","description":"BankAPINotify 118652866121-DH1-CHUYEN TIEN-OQCH0007P2fv-MOMO118652866121MOMO","transferAmount":10000,"referenceCode":"FT26049811022831","accumulated":0,"id":42730365}
Parsed Data: {
    "gateway": "MBBank",
    "transactionDate": "2026-02-17 23:36:00",
    "accountNumber": "0389654785",
    "subAccount": null,
    "code": null,
    "content": "118652866121-DH1-CHUYEN TIEN-OQCH0007P2fv-MOMO118652866121MOMO",
    "transferType": "in",
    "description": "BankAPINotify 118652866121-DH1-CHUYEN TIEN-OQCH0007P2fv-MOMO118652866121MOMO",
    "transferAmount": 10000,
    "referenceCode": "FT26049811022831",
    "accumulated": 0,
    "id": 42730365
}
Reference Code: DH1
Signature verified: No
Webhook Type: payment_in, Order ID: 1
Attempting to save to database...
❌ Database save failed: Insert failed: SQLSTATE[42S22]: Column not found: 1054 Unknown column 'updated_at' in 'field list'
❌ FATAL ERROR: Insert failed: SQLSTATE[42S22]: Column not found: 1054 Unknown column 'updated_at' in 'field list'
#0 /home/test1/domains/test1.web3b.com/public_html/app/models/BaseModel.php(63): Database->insert()
#1 /home/test1/domains/test1.web3b.com/public_html/app/models/SepayWebhookLogModel.php(53): BaseModel->create()
#2 /home/test1/domains/test1.web3b.com/public_html/app/controllers/WebhookController.php(155): SepayWebhookLogModel->logWebhook()
#3 /home/test1/domains/test1.web3b.com/public_html/api.php(105): WebhookController->handleSepayWebhook()
#4 {main}

================================================================================
2026-02-17 23:37:23 - Webhook received
Raw Data: {"gateway":"MBBank","transactionDate":"2026-02-17 23:36:00","accountNumber":"0389654785","subAccount":null,"code":null,"content":"118652866121-DH1-CHUYEN TIEN-OQCH0007P2fv-MOMO118652866121MOMO","transferType":"in","description":"BankAPINotify 118652866121-DH1-CHUYEN TIEN-OQCH0007P2fv-MOMO118652866121MOMO","transferAmount":10000,"referenceCode":"FT26049811022831","accumulated":0,"id":42730365}
Parsed Data: {
    "gateway": "MBBank",
    "transactionDate": "2026-02-17 23:36:00",
    "accountNumber": "0389654785",
    "subAccount": null,
    "code": null,
    "content": "118652866121-DH1-CHUYEN TIEN-OQCH0007P2fv-MOMO118652866121MOMO",
    "transferType": "in",
    "description": "BankAPINotify 118652866121-DH1-CHUYEN TIEN-OQCH0007P2fv-MOMO118652866121MOMO",
    "transferAmount": 10000,
    "referenceCode": "FT26049811022831",
    "accumulated": 0,
    "id": 42730365
}
Reference Code: DH1
Signature verified: No
Webhook Type: payment_in, Order ID: 1
Attempting to save to database...
❌ Database save failed: Insert failed: SQLSTATE[42S22]: Column not found: 1054 Unknown column 'updated_at' in 'field list'
❌ FATAL ERROR: Insert failed: SQLSTATE[42S22]: Column not found: 1054 Unknown column 'updated_at' in 'field list'
#0 /home/test1/domains/test1.web3b.com/public_html/app/models/BaseModel.php(63): Database->insert()
#1 /home/test1/domains/test1.web3b.com/public_html/app/models/SepayWebhookLogModel.php(53): BaseModel->create()
#2 /home/test1/domains/test1.web3b.com/public_html/app/controllers/WebhookController.php(155): SepayWebhookLogModel->logWebhook()
#3 /home/test1/domains/test1.web3b.com/public_html/api.php(105): WebhookController->handleSepayWebhook()
#4 {main}

================================================================================
2026-02-17 23:38:24 - Webhook received
Raw Data: {"gateway":"MBBank","transactionDate":"2026-02-17 23:36:00","accountNumber":"0389654785","subAccount":null,"code":null,"content":"118652866121-DH1-CHUYEN TIEN-OQCH0007P2fv-MOMO118652866121MOMO","transferType":"in","description":"BankAPINotify 118652866121-DH1-CHUYEN TIEN-OQCH0007P2fv-MOMO118652866121MOMO","transferAmount":10000,"referenceCode":"FT26049811022831","accumulated":0,"id":42730365}
Parsed Data: {
    "gateway": "MBBank",
    "transactionDate": "2026-02-17 23:36:00",
    "accountNumber": "0389654785",
    "subAccount": null,
    "code": null,
    "content": "118652866121-DH1-CHUYEN TIEN-OQCH0007P2fv-MOMO118652866121MOMO",
    "transferType": "in",
    "description": "BankAPINotify 118652866121-DH1-CHUYEN TIEN-OQCH0007P2fv-MOMO118652866121MOMO",
    "transferAmount": 10000,
    "referenceCode": "FT26049811022831",
    "accumulated": 0,
    "id": 42730365
}
Reference Code: DH1
Signature verified: No
Webhook Type: payment_in, Order ID: 1
Attempting to save to database...
❌ Database save failed: Insert failed: SQLSTATE[42S22]: Column not found: 1054 Unknown column 'updated_at' in 'field list'
❌ FATAL ERROR: Insert failed: SQLSTATE[42S22]: Column not found: 1054 Unknown column 'updated_at' in 'field list'
#0 /home/test1/domains/test1.web3b.com/public_html/app/models/BaseModel.php(63): Database->insert()
#1 /home/test1/domains/test1.web3b.com/public_html/app/models/SepayWebhookLogModel.php(53): BaseModel->create()
#2 /home/test1/domains/test1.web3b.com/public_html/app/controllers/WebhookController.php(155): SepayWebhookLogModel->logWebhook()
#3 /home/test1/domains/test1.web3b.com/public_html/api.php(105): WebhookController->handleSepayWebhook()
#4 {main}

================================================================================
2026-02-17 23:40:24 - Webhook received
Raw Data: {"gateway":"MBBank","transactionDate":"2026-02-17 23:36:00","accountNumber":"0389654785","subAccount":null,"code":null,"content":"118652866121-DH1-CHUYEN TIEN-OQCH0007P2fv-MOMO118652866121MOMO","transferType":"in","description":"BankAPINotify 118652866121-DH1-CHUYEN TIEN-OQCH0007P2fv-MOMO118652866121MOMO","transferAmount":10000,"referenceCode":"FT26049811022831","accumulated":0,"id":42730365}
Parsed Data: {
    "gateway": "MBBank",
    "transactionDate": "2026-02-17 23:36:00",
    "accountNumber": "0389654785",
    "subAccount": null,
    "code": null,
    "content": "118652866121-DH1-CHUYEN TIEN-OQCH0007P2fv-MOMO118652866121MOMO",
    "transferType": "in",
    "description": "BankAPINotify 118652866121-DH1-CHUYEN TIEN-OQCH0007P2fv-MOMO118652866121MOMO",
    "transferAmount": 10000,
    "referenceCode": "FT26049811022831",
    "accumulated": 0,
    "id": 42730365
}
Reference Code: DH1
Signature verified: No
Webhook Type: payment_in, Order ID: 1
Attempting to save to database...
❌ Database save failed: Insert failed: SQLSTATE[42S22]: Column not found: 1054 Unknown column 'updated_at' in 'field list'
❌ FATAL ERROR: Insert failed: SQLSTATE[42S22]: Column not found: 1054 Unknown column 'updated_at' in 'field list'
#0 /home/test1/domains/test1.web3b.com/public_html/app/models/BaseModel.php(63): Database->insert()
#1 /home/test1/domains/test1.web3b.com/public_html/app/models/SepayWebhookLogModel.php(53): BaseModel->create()
#2 /home/test1/domains/test1.web3b.com/public_html/app/controllers/WebhookController.php(155): SepayWebhookLogModel->logWebhook()
#3 /home/test1/domains/test1.web3b.com/public_html/api.php(105): WebhookController->handleSepayWebhook()
#4 {main}

================================================================================
2026-02-17 23:43:25 - Webhook received
Raw Data: {"gateway":"MBBank","transactionDate":"2026-02-17 23:36:00","accountNumber":"0389654785","subAccount":null,"code":null,"content":"118652866121-DH1-CHUYEN TIEN-OQCH0007P2fv-MOMO118652866121MOMO","transferType":"in","description":"BankAPINotify 118652866121-DH1-CHUYEN TIEN-OQCH0007P2fv-MOMO118652866121MOMO","transferAmount":10000,"referenceCode":"FT26049811022831","accumulated":0,"id":42730365}
Parsed Data: {
    "gateway": "MBBank",
    "transactionDate": "2026-02-17 23:36:00",
    "accountNumber": "0389654785",
    "subAccount": null,
    "code": null,
    "content": "118652866121-DH1-CHUYEN TIEN-OQCH0007P2fv-MOMO118652866121MOMO",
    "transferType": "in",
    "description": "BankAPINotify 118652866121-DH1-CHUYEN TIEN-OQCH0007P2fv-MOMO118652866121MOMO",
    "transferAmount": 10000,
    "referenceCode": "FT26049811022831",
    "accumulated": 0,
    "id": 42730365
}
Reference Code: DH1
Signature verified: No
Webhook Type: payment_in, Order ID: 1
Attempting to save to database...
❌ Database save failed: Insert failed: SQLSTATE[42S22]: Column not found: 1054 Unknown column 'updated_at' in 'field list'
❌ FATAL ERROR: Insert failed: SQLSTATE[42S22]: Column not found: 1054 Unknown column 'updated_at' in 'field list'
#0 /home/test1/domains/test1.web3b.com/public_html/app/models/BaseModel.php(63): Database->insert()
#1 /home/test1/domains/test1.web3b.com/public_html/app/models/SepayWebhookLogModel.php(53): BaseModel->create()
#2 /home/test1/domains/test1.web3b.com/public_html/app/controllers/WebhookController.php(155): SepayWebhookLogModel->logWebhook()
#3 /home/test1/domains/test1.web3b.com/public_html/api.php(105): WebhookController->handleSepayWebhook()
#4 {main}

================================================================================
2026-04-14 00:57:06 - Webhook received
Raw Data: 
ERROR: Invalid JSON data
ERROR saving to DB: Insert failed: SQLSTATE[23000]: Integrity constraint violation: 4025 CONSTRAINT `sepay_webhooks_log.raw_data` failed for `test1_thuonglowebsite`.`sepay_webhooks_log`

================================================================================
2026-04-14 01:00:09 - Webhook received
Raw Data: {"id":"TXN1776103209","gateway":"MB","transactionDate":"2026-04-14 01:00:09","accountNumber":"0914960029666","transferType":"in","transferAmount":5000,"content":"THANHTOAN ORD_02d358a8-CHUYEN TIEN-TEST","code":"TEST1776103209"}
Parsed Data: {
    "id": "TXN1776103209",
    "gateway": "MB",
    "transactionDate": "2026-04-14 01:00:09",
    "accountNumber": "0914960029666",
    "transferType": "in",
    "transferAmount": 5000,
    "content": "THANHTOAN ORD_02d358a8-CHUYEN TIEN-TEST",
    "code": "TEST1776103209"
}
Reference Code: ORD_02d358a8
Signature verified: No
Webhook Type: payment_in, Order ID: 73
Attempting to save to database...
❌ Database save failed: Insert failed: SQLSTATE[23000]: Integrity constraint violation: 1452 Cannot add or update a child row: a foreign key constraint fails (`test1_thuonglowebsite`.`sepay_webhooks_log`, CONSTRAINT `sepay_webhooks_log_ibfk_1` FOREIGN KEY (`order_id`) REFERENCES `orders_demo` (`id`) ON DELETE SET NULL)
❌ FATAL ERROR: Insert failed: SQLSTATE[23000]: Integrity constraint violation: 1452 Cannot add or update a child row: a foreign key constraint fails (`test1_thuonglowebsite`.`sepay_webhooks_log`, CONSTRAINT `sepay_webhooks_log_ibfk_1` FOREIGN KEY (`order_id`) REFERENCES `orders_demo` (`id`) ON DELETE SET NULL)
#0 /home/test1/domains/test1.web3b.com/public_html/app/models/SepayWebhookLogModel.php(35): Database->insert()
#1 /home/test1/domains/test1.web3b.com/public_html/app/models/SepayWebhookLogModel.php(98): SepayWebhookLogModel->create()
#2 /home/test1/domains/test1.web3b.com/public_html/app/controllers/WebhookController.php(156): SepayWebhookLogModel->logWebhook()
#3 /home/test1/domains/test1.web3b.com/public_html/api.php(86): WebhookController->handleSepayWebhook()
#4 {main}

================================================================================
2026-04-14 01:00:41 - Webhook received
Raw Data: 
ERROR: Invalid JSON data
ERROR saving to DB: Insert failed: SQLSTATE[23000]: Integrity constraint violation: 4025 CONSTRAINT `sepay_webhooks_log.raw_data` failed for `test1_thuonglowebsite`.`sepay_webhooks_log`

================================================================================
2026-04-14 01:07:24 - Webhook received
Raw Data: {"id":"TXN1776103643","gateway":"MB","transactionDate":"2026-04-14 01:07:23","accountNumber":"0914960029666","transferType":"in","transferAmount":5000,"content":"THANHTOAN ORD_02d358a8-CHUYEN TIEN-TEST","code":"TEST1776103643"}
Parsed Data: {
    "id": "TXN1776103643",
    "gateway": "MB",
    "transactionDate": "2026-04-14 01:07:23",
    "accountNumber": "0914960029666",
    "transferType": "in",
    "transferAmount": 5000,
    "content": "THANHTOAN ORD_02d358a8-CHUYEN TIEN-TEST",
    "code": "TEST1776103643"
}
Reference Code: ORD_02d358a8
Signature verified: No
Webhook Type: payment_in, Order ID: 73
Attempting to save to database...
❌ Database save failed: Insert failed: SQLSTATE[23000]: Integrity constraint violation: 1452 Cannot add or update a child row: a foreign key constraint fails (`test1_thuonglowebsite`.`sepay_webhooks_log`, CONSTRAINT `sepay_webhooks_log_ibfk_1` FOREIGN KEY (`order_id`) REFERENCES `orders_demo` (`id`) ON DELETE SET NULL)
❌ FATAL ERROR: Insert failed: SQLSTATE[23000]: Integrity constraint violation: 1452 Cannot add or update a child row: a foreign key constraint fails (`test1_thuonglowebsite`.`sepay_webhooks_log`, CONSTRAINT `sepay_webhooks_log_ibfk_1` FOREIGN KEY (`order_id`) REFERENCES `orders_demo` (`id`) ON DELETE SET NULL)
#0 /home/test1/domains/test1.web3b.com/public_html/app/models/SepayWebhookLogModel.php(35): Database->insert()
#1 /home/test1/domains/test1.web3b.com/public_html/app/models/SepayWebhookLogModel.php(98): SepayWebhookLogModel->create()
#2 /home/test1/domains/test1.web3b.com/public_html/app/controllers/WebhookController.php(156): SepayWebhookLogModel->logWebhook()
#3 /home/test1/domains/test1.web3b.com/public_html/api.php(86): WebhookController->handleSepayWebhook()
#4 {main}

================================================================================
2026-04-14 01:07:47 - Webhook received
Raw Data: 
ERROR: Invalid JSON data
ERROR saving to DB: Insert failed: SQLSTATE[23000]: Integrity constraint violation: 4025 CONSTRAINT `sepay_webhooks_log.raw_data` failed for `test1_thuonglowebsite`.`sepay_webhooks_log`

================================================================================
2026-04-14 10:18:32 - Webhook received
Raw Data: 
ERROR: Invalid JSON data
ERROR saving to DB: Insert failed: SQLSTATE[23000]: Integrity constraint violation: 4025 CONSTRAINT `sepay_webhooks_log.raw_data` failed for `test1_thuonglowebsite`.`sepay_webhooks_log`

================================================================================
2026-04-14 10:21:54 - Webhook received
Method: POST
Content-Type: application/json
Content-Length: 227
Raw Data: {"id":"TXN1776136914","gateway":"MB","transactionDate":"2026-04-14 10:21:54","accountNumber":"0914960029666","transferType":"in","transferAmount":5000,"content":"THANHTOAN ORD_02d358a8-CHUYEN TIEN-TEST","code":"TEST1776136914"}
Parsed Data: {
    "id": "TXN1776136914",
    "gateway": "MB",
    "transactionDate": "2026-04-14 10:21:54",
    "accountNumber": "0914960029666",
    "transferType": "in",
    "transferAmount": 5000,
    "content": "THANHTOAN ORD_02d358a8-CHUYEN TIEN-TEST",
    "code": "TEST1776136914"
}
Reference Code: ORD_02d358a8
Signature verified: No
Webhook Type: payment_in, Order ID: 73
Attempting to save to database...
✅ Saved to database with ID: 31
Processing payment IN...
❌ Processing error: Order ID not found in reference code
✅ Webhook processing complete. Success: No

================================================================================
2026-04-14 10:50:17 - Webhook received
Method: POST
Content-Type: application/json
Content-Length: 227
Raw Data: {"id":"TXN1776138617","gateway":"MB","transactionDate":"2026-04-14 10:50:17","accountNumber":"0914960029666","transferType":"in","transferAmount":5000,"content":"THANHTOAN ORD_02d358a8-CHUYEN TIEN-TEST","code":"TEST1776138617"}
Parsed Data: {
    "id": "TXN1776138617",
    "gateway": "MB",
    "transactionDate": "2026-04-14 10:50:17",
    "accountNumber": "0914960029666",
    "transferType": "in",
    "transferAmount": 5000,
    "content": "THANHTOAN ORD_02d358a8-CHUYEN TIEN-TEST",
    "code": "TEST1776138617"
}
Reference Code: ORD_02d358a8
Signature verified: No
Webhook Type: payment_in, Order ID: 73
Attempting to save to database...
✅ Saved to database with ID: 32
Processing payment IN...
❌ Processing error: Order ID not found in reference code
✅ Webhook processing complete. Success: No

================================================================================
2026-04-14 10:50:28 - Webhook received
Method: GET
Content-Type: application/json
Content-Length: not set
Raw Data: [EMPTY]
ERROR: Invalid JSON data
ERROR saving to DB: Insert failed: SQLSTATE[23000]: Integrity constraint violation: 4025 CONSTRAINT `sepay_webhooks_log.raw_data` failed for `test1_thuonglowebsite`.`sepay_webhooks_log`

================================================================================
2026-04-14 10:51:47 - Webhook received
Method: GET
Content-Type: application/json
Content-Length: not set
Raw Data: [EMPTY]
ERROR: Invalid JSON data
ERROR saving to DB: Insert failed: SQLSTATE[23000]: Integrity constraint violation: 4025 CONSTRAINT `sepay_webhooks_log.raw_data` failed for `test1_thuonglowebsite`.`sepay_webhooks_log`

================================================================================
2026-04-14 10:52:30 - Webhook received
Method: GET
Content-Type: application/json
Content-Length: not set
Raw Data: [EMPTY]
ERROR: Invalid JSON data
ERROR saving to DB: Insert failed: SQLSTATE[23000]: Integrity constraint violation: 4025 CONSTRAINT `sepay_webhooks_log.raw_data` failed for `test1_thuonglowebsite`.`sepay_webhooks_log`
